<component name="libraryTable">
  <library name="JUnit 5">
    <CLASSES>
      <root url="jar://$USER_HOME$/Java libs/JUnit/JUnit 5/apiguardian-api-1.0.0.jar!/" />
      <root url="jar://$USER_HOME$/Java libs/JUnit/JUnit 5/junit-jupiter-api-5.4.0-M1.jar!/" />
      <root url="jar://$USER_HOME$/Java libs/JUnit/JUnit 5/junit-platform-commons-1.4.0-M1.jar!/" />
      <root url="jar://$USER_HOME$/Java libs/JUnit/JUnit 5/opentest4j-1.1.1.jar!/" />
    </CLASSES>
    <JAVADOC />
    <SOURCES />
  </library>
</component>